::1 - - [05/Sep/2020:21:29:09 +0000] "GET /products HTTP/1.1" 200 1345 "-" "PostmanRuntime/7.26.3"
::1 - - [05/Sep/2020:21:31:02 +0000] "GET /products HTTP/1.1" 200 1345 "-" "PostmanRuntime/7.26.3"
::1 - - [05/Sep/2020:21:31:50 +0000] "GET /products HTTP/1.1" 200 1345 "-" "PostmanRuntime/7.26.3"
::1 - - [05/Sep/2020:21:38:52 +0000] "GET /api/tickets HTTP/1.1" 404 150 "-" "PostmanRuntime/7.26.3"
::1 - - [07/Sep/2020:09:31:17 +0000] "GET /products HTTP/1.1" 200 1345 "http://localhost:3000/" "Mozilla/5.0 (Windows NT 10.0; Win64; x64) AppleWebKit/537.36 (KHTML, like Gecko) Chrome/85.0.4183.83 Safari/537.36"
::1 - - [07/Sep/2020:09:34:00 +0000] "GET /products HTTP/1.1" 304 - "http://localhost:3000/" "Mozilla/5.0 (Windows NT 10.0; Win64; x64) AppleWebKit/537.36 (KHTML, like Gecko) Chrome/85.0.4183.83 Safari/537.36"
::1 - - [07/Sep/2020:09:34:26 +0000] "GET /products HTTP/1.1" 304 - "http://localhost:3000/" "Mozilla/5.0 (Windows NT 10.0; Win64; x64) AppleWebKit/537.36 (KHTML, like Gecko) Chrome/85.0.4183.83 Safari/537.36"
::1 - - [07/Sep/2020:10:27:34 +0000] "PUT /products/1 HTTP/1.1" 200 14 "http://localhost:3000/productUpdate" "Mozilla/5.0 (Windows NT 10.0; Win64; x64) AppleWebKit/537.36 (KHTML, like Gecko) Chrome/85.0.4183.83 Safari/537.36"
::1 - - [07/Sep/2020:10:27:34 +0000] "GET /products HTTP/1.1" 200 1345 "http://localhost:3000/productUpdate" "Mozilla/5.0 (Windows NT 10.0; Win64; x64) AppleWebKit/537.36 (KHTML, like Gecko) Chrome/85.0.4183.83 Safari/537.36"
::1 - - [07/Sep/2020:10:28:30 +0000] "PUT /products/2 HTTP/1.1" 200 14 "http://localhost:3000/productUpdate" "Mozilla/5.0 (Windows NT 10.0; Win64; x64) AppleWebKit/537.36 (KHTML, like Gecko) Chrome/85.0.4183.83 Safari/537.36"
::1 - - [07/Sep/2020:10:28:31 +0000] "GET /products HTTP/1.1" 200 1345 "http://localhost:3000/productUpdate" "Mozilla/5.0 (Windows NT 10.0; Win64; x64) AppleWebKit/537.36 (KHTML, like Gecko) Chrome/85.0.4183.83 Safari/537.36"
::1 - - [07/Sep/2020:10:29:11 +0000] "PUT /products/3 HTTP/1.1" 200 14 "http://localhost:3000/productUpdate" "Mozilla/5.0 (Windows NT 10.0; Win64; x64) AppleWebKit/537.36 (KHTML, like Gecko) Chrome/85.0.4183.83 Safari/537.36"
::1 - - [07/Sep/2020:10:29:11 +0000] "GET /products HTTP/1.1" 200 1342 "http://localhost:3000/productUpdate" "Mozilla/5.0 (Windows NT 10.0; Win64; x64) AppleWebKit/537.36 (KHTML, like Gecko) Chrome/85.0.4183.83 Safari/537.36"
::1 - - [07/Sep/2020:10:30:48 +0000] "PUT /products/4 HTTP/1.1" 200 14 "http://localhost:3000/productUpdate" "Mozilla/5.0 (Windows NT 10.0; Win64; x64) AppleWebKit/537.36 (KHTML, like Gecko) Chrome/85.0.4183.83 Safari/537.36"
::1 - - [07/Sep/2020:10:30:48 +0000] "GET /products HTTP/1.1" 200 1342 "http://localhost:3000/productUpdate" "Mozilla/5.0 (Windows NT 10.0; Win64; x64) AppleWebKit/537.36 (KHTML, like Gecko) Chrome/85.0.4183.83 Safari/537.36"
::1 - - [07/Sep/2020:10:31:14 +0000] "PUT /products/5 HTTP/1.1" 200 14 "http://localhost:3000/productUpdate" "Mozilla/5.0 (Windows NT 10.0; Win64; x64) AppleWebKit/537.36 (KHTML, like Gecko) Chrome/85.0.4183.83 Safari/537.36"
::1 - - [07/Sep/2020:10:31:14 +0000] "GET /products HTTP/1.1" 200 1342 "http://localhost:3000/productUpdate" "Mozilla/5.0 (Windows NT 10.0; Win64; x64) AppleWebKit/537.36 (KHTML, like Gecko) Chrome/85.0.4183.83 Safari/537.36"
::1 - - [07/Sep/2020:10:31:23 +0000] "PUT /products/6 HTTP/1.1" 200 14 "http://localhost:3000/productUpdate" "Mozilla/5.0 (Windows NT 10.0; Win64; x64) AppleWebKit/537.36 (KHTML, like Gecko) Chrome/85.0.4183.83 Safari/537.36"
::1 - - [07/Sep/2020:10:31:28 +0000] "GET /products HTTP/1.1" 200 1342 "http://localhost:3000/productUpdate" "Mozilla/5.0 (Windows NT 10.0; Win64; x64) AppleWebKit/537.36 (KHTML, like Gecko) Chrome/85.0.4183.83 Safari/537.36"
::1 - - [07/Sep/2020:10:31:34 +0000] "PUT /products/7 HTTP/1.1" 200 14 "http://localhost:3000/productUpdate" "Mozilla/5.0 (Windows NT 10.0; Win64; x64) AppleWebKit/537.36 (KHTML, like Gecko) Chrome/85.0.4183.83 Safari/537.36"
::1 - - [07/Sep/2020:10:31:35 +0000] "GET /products HTTP/1.1" 200 1342 "http://localhost:3000/productUpdate" "Mozilla/5.0 (Windows NT 10.0; Win64; x64) AppleWebKit/537.36 (KHTML, like Gecko) Chrome/85.0.4183.83 Safari/537.36"
::1 - - [07/Sep/2020:11:12:57 +0000] "PUT /products/add HTTP/1.1" - - "http://localhost:3000/addingProduct" "Mozilla/5.0 (Windows NT 10.0; Win64; x64) AppleWebKit/537.36 (KHTML, like Gecko) Chrome/85.0.4183.83 Safari/537.36"
::1 - - [07/Sep/2020:11:13:52 +0000] "PUT /products/3 HTTP/1.1" - - "http://localhost:3000/productUpdate" "Mozilla/5.0 (Windows NT 10.0; Win64; x64) AppleWebKit/537.36 (KHTML, like Gecko) Chrome/85.0.4183.83 Safari/537.36"
::1 - - [07/Sep/2020:11:14:57 +0000] "PUT /products/add HTTP/1.1" - - "http://localhost:3000/addingProduct" "Mozilla/5.0 (Windows NT 10.0; Win64; x64) AppleWebKit/537.36 (KHTML, like Gecko) Chrome/85.0.4183.83 Safari/537.36"
::1 - - [07/Sep/2020:11:15:52 +0000] "PUT /products/3 HTTP/1.1" - - "http://localhost:3000/productUpdate" "Mozilla/5.0 (Windows NT 10.0; Win64; x64) AppleWebKit/537.36 (KHTML, like Gecko) Chrome/85.0.4183.83 Safari/537.36"
::1 - - [07/Sep/2020:18:42:00 +0000] "PUT /products/add HTTP/1.1" - - "http://localhost:3000/addingProduct" "Mozilla/5.0 (Windows NT 10.0; Win64; x64) AppleWebKit/537.36 (KHTML, like Gecko) Chrome/85.0.4183.83 Safari/537.36"
::1 - - [07/Sep/2020:18:44:50 +0000] "PUT /products/add HTTP/1.1" - - "http://localhost:3000/addingProduct" "Mozilla/5.0 (Windows NT 10.0; Win64; x64) AppleWebKit/537.36 (KHTML, like Gecko) Chrome/85.0.4183.83 Safari/537.36"
::1 - - [07/Sep/2020:18:46:50 +0000] "PUT /products/add HTTP/1.1" - - "http://localhost:3000/addingProduct" "Mozilla/5.0 (Windows NT 10.0; Win64; x64) AppleWebKit/537.36 (KHTML, like Gecko) Chrome/85.0.4183.83 Safari/537.36"
::1 - - [07/Sep/2020:18:57:09 +0000] "PUT /products/6 HTTP/1.1" - - "http://localhost:3000/productUpdate" "Mozilla/5.0 (Windows NT 10.0; Win64; x64) AppleWebKit/537.36 (KHTML, like Gecko) Chrome/85.0.4183.83 Safari/537.36"
::1 - - [07/Sep/2020:19:01:33 +0000] "PUT /products/6 HTTP/1.1" - - "http://localhost:3000/productUpdate" "Mozilla/5.0 (Windows NT 10.0; Win64; x64) AppleWebKit/537.36 (KHTML, like Gecko) Chrome/85.0.4183.83 Safari/537.36"
::1 - - [07/Sep/2020:19:03:33 +0000] "PUT /products/6 HTTP/1.1" - - "http://localhost:3000/productUpdate" "Mozilla/5.0 (Windows NT 10.0; Win64; x64) AppleWebKit/537.36 (KHTML, like Gecko) Chrome/85.0.4183.83 Safari/537.36"
::1 - - [07/Sep/2020:19:03:35 +0000] "PUT /products/add HTTP/1.1" - - "http://localhost:3000/addingProduct" "Mozilla/5.0 (Windows NT 10.0; Win64; x64) AppleWebKit/537.36 (KHTML, like Gecko) Chrome/85.0.4183.83 Safari/537.36"
::1 - - [07/Sep/2020:19:11:19 +0000] "PUT /products/6 HTTP/1.1" - - "http://localhost:3000/productUpdate" "Mozilla/5.0 (Windows NT 10.0; Win64; x64) AppleWebKit/537.36 (KHTML, like Gecko) Chrome/85.0.4183.83 Safari/537.36"
::1 - - [07/Sep/2020:19:13:19 +0000] "PUT /products/6 HTTP/1.1" - - "http://localhost:3000/productUpdate" "Mozilla/5.0 (Windows NT 10.0; Win64; x64) AppleWebKit/537.36 (KHTML, like Gecko) Chrome/85.0.4183.83 Safari/537.36"
::1 - - [07/Sep/2020:19:15:54 +0000] "PUT /products/6 HTTP/1.1" - - "http://localhost:3000/productUpdate" "Mozilla/5.0 (Windows NT 10.0; Win64; x64) AppleWebKit/537.36 (KHTML, like Gecko) Chrome/85.0.4183.83 Safari/537.36"
::1 - - [07/Sep/2020:19:19:37 +0000] "PUT /products/6 HTTP/1.1" - - "http://localhost:3000/productUpdate" "Mozilla/5.0 (Windows NT 10.0; Win64; x64) AppleWebKit/537.36 (KHTML, like Gecko) Chrome/85.0.4183.83 Safari/537.36"
::1 - - [07/Sep/2020:19:21:37 +0000] "PUT /products/6 HTTP/1.1" - - "http://localhost:3000/productUpdate" "Mozilla/5.0 (Windows NT 10.0; Win64; x64) AppleWebKit/537.36 (KHTML, like Gecko) Chrome/85.0.4183.83 Safari/537.36"
::1 - - [07/Sep/2020:19:45:17 +0000] "PUT /products/6 HTTP/1.1" - - "http://localhost:3000/productUpdate" "Mozilla/5.0 (Windows NT 10.0; Win64; x64) AppleWebKit/537.36 (KHTML, like Gecko) Chrome/85.0.4183.83 Safari/537.36"
::1 - - [07/Sep/2020:19:49:01 +0000] "PUT /products/6 HTTP/1.1" - - "http://localhost:3000/productUpdate" "Mozilla/5.0 (Windows NT 10.0; Win64; x64) AppleWebKit/537.36 (KHTML, like Gecko) Chrome/85.0.4183.83 Safari/537.36"
::ffff:127.0.0.1 - - [07/Sep/2020:19:54:58 +0000] "PUT /products/6 HTTP/1.1" - - "http://localhost:3000/productUpdate" "Mozilla/5.0 (Windows NT 10.0; Win64; x64) AppleWebKit/537.36 (KHTML, like Gecko) Chrome/85.0.4183.83 Safari/537.36"
::ffff:127.0.0.1 - - [07/Sep/2020:19:54:58 +0000] "PUT /products/6 HTTP/1.1" - - "http://localhost:3000/productUpdate" "Mozilla/5.0 (Windows NT 10.0; Win64; x64) AppleWebKit/537.36 (KHTML, like Gecko) Chrome/85.0.4183.83 Safari/537.36"
::1 - - [07/Sep/2020:19:55:27 +0000] "PUT /products/6 HTTP/1.1" - - "http://localhost:3000/productUpdate" "Mozilla/5.0 (Windows NT 10.0; Win64; x64) AppleWebKit/537.36 (KHTML, like Gecko) Chrome/85.0.4183.83 Safari/537.36"
::1 - - [07/Sep/2020:20:05:03 +0000] "PUT /products/add HTTP/1.1" - - "http://localhost:3000/addingProduct" "Mozilla/5.0 (Windows NT 10.0; Win64; x64) AppleWebKit/537.36 (KHTML, like Gecko) Chrome/85.0.4183.83 Safari/537.36"
::1 - - [07/Sep/2020:20:07:03 +0000] "PUT /products/add HTTP/1.1" - - "http://localhost:3000/addingProduct" "Mozilla/5.0 (Windows NT 10.0; Win64; x64) AppleWebKit/537.36 (KHTML, like Gecko) Chrome/85.0.4183.83 Safari/537.36"
::1 - - [07/Sep/2020:20:17:41 +0000] "GET /products HTTP/1.1" 200 1816 "http://localhost:3000/" "Mozilla/5.0 (Windows NT 10.0; Win64; x64) AppleWebKit/537.36 (KHTML, like Gecko) Chrome/85.0.4183.83 Safari/537.36"
::1 - - [07/Sep/2020:20:21:20 +0000] "GET /products HTTP/1.1" 200 1816 "-" "PostmanRuntime/7.26.3"
::1 - - [07/Sep/2020:20:22:10 +0000] "GET /products HTTP/1.1" 200 1816 "-" "PostmanRuntime/7.26.3"
::1 - - [07/Sep/2020:20:25:19 +0000] "GET /products HTTP/1.1" 200 1752 "-" "PostmanRuntime/7.26.3"
::1 - - [07/Sep/2020:20:26:02 +0000] "GET /products HTTP/1.1" 200 1488 "-" "PostmanRuntime/7.26.3"
::1 - - [07/Sep/2020:20:26:31 +0000] "GET /products HTTP/1.1" 200 1488 "http://localhost:3000/" "Mozilla/5.0 (Windows NT 10.0; Win64; x64) AppleWebKit/537.36 (KHTML, like Gecko) Chrome/85.0.4183.83 Safari/537.36"
::1 - - [07/Sep/2020:20:29:17 +0000] "DELETE /products/8 HTTP/1.1" - - "http://localhost:3000/deleteProduct" "Mozilla/5.0 (Windows NT 10.0; Win64; x64) AppleWebKit/537.36 (KHTML, like Gecko) Chrome/85.0.4183.83 Safari/537.36"
::1 - - [07/Sep/2020:20:31:07 +0000] "DELETE /products/8 HTTP/1.1" 200 14 "http://localhost:3000/deleteProduct" "Mozilla/5.0 (Windows NT 10.0; Win64; x64) AppleWebKit/537.36 (KHTML, like Gecko) Chrome/85.0.4183.83 Safari/537.36"
::1 - - [07/Sep/2020:20:31:08 +0000] "GET /products HTTP/1.1" 200 1342 "http://localhost:3000/deleteProduct" "Mozilla/5.0 (Windows NT 10.0; Win64; x64) AppleWebKit/537.36 (KHTML, like Gecko) Chrome/85.0.4183.83 Safari/537.36"
::1 - - [07/Sep/2020:20:32:41 +0000] "PUT /products/add HTTP/1.1" - - "http://localhost:3000/addingProduct" "Mozilla/5.0 (Windows NT 10.0; Win64; x64) AppleWebKit/537.36 (KHTML, like Gecko) Chrome/85.0.4183.83 Safari/537.36"
::1 - - [07/Sep/2020:20:32:46 +0000] "PUT /products/add HTTP/1.1" - - "http://localhost:3000/addingProduct" "Mozilla/5.0 (Windows NT 10.0; Win64; x64) AppleWebKit/537.36 (KHTML, like Gecko) Chrome/85.0.4183.83 Safari/537.36"
::1 - - [07/Sep/2020:20:32:46 +0000] "PUT /products/add HTTP/1.1" - - "http://localhost:3000/addingProduct" "Mozilla/5.0 (Windows NT 10.0; Win64; x64) AppleWebKit/537.36 (KHTML, like Gecko) Chrome/85.0.4183.83 Safari/537.36"
::1 - - [07/Sep/2020:20:32:51 +0000] "GET /products HTTP/1.1" 200 1695 "http://localhost:3000/" "Mozilla/5.0 (Windows NT 10.0; Win64; x64) AppleWebKit/537.36 (KHTML, like Gecko) Chrome/85.0.4183.83 Safari/537.36"
::1 - - [07/Sep/2020:20:33:16 +0000] "DELETE /products/8 HTTP/1.1" 200 14 "http://localhost:3000/deleteProduct" "Mozilla/5.0 (Windows NT 10.0; Win64; x64) AppleWebKit/537.36 (KHTML, like Gecko) Chrome/85.0.4183.83 Safari/537.36"
::1 - - [07/Sep/2020:20:33:16 +0000] "GET /products HTTP/1.1" 200 1510 "http://localhost:3000/deleteProduct" "Mozilla/5.0 (Windows NT 10.0; Win64; x64) AppleWebKit/537.36 (KHTML, like Gecko) Chrome/85.0.4183.83 Safari/537.36"
::1 - - [07/Sep/2020:20:33:21 +0000] "DELETE /products/9 HTTP/1.1" 200 14 "http://localhost:3000/deleteProduct" "Mozilla/5.0 (Windows NT 10.0; Win64; x64) AppleWebKit/537.36 (KHTML, like Gecko) Chrome/85.0.4183.83 Safari/537.36"
::1 - - [07/Sep/2020:20:33:22 +0000] "GET /products HTTP/1.1" 200 1342 "http://localhost:3000/deleteProduct" "Mozilla/5.0 (Windows NT 10.0; Win64; x64) AppleWebKit/537.36 (KHTML, like Gecko) Chrome/85.0.4183.83 Safari/537.36"
::1 - - [07/Sep/2020:20:33:36 +0000] "GET /products HTTP/1.1" 200 1342 "http://localhost:3000/" "Mozilla/5.0 (Windows NT 10.0; Win64; x64) AppleWebKit/537.36 (KHTML, like Gecko) Chrome/85.0.4183.83 Safari/537.36"
::1 - - [07/Sep/2020:20:34:20 +0000] "PUT /products/add HTTP/1.1" - - "http://localhost:3000/addingProduct" "Mozilla/5.0 (Windows NT 10.0; Win64; x64) AppleWebKit/537.36 (KHTML, like Gecko) Chrome/85.0.4183.83 Safari/537.36"
::1 - - [07/Sep/2020:20:34:29 +0000] "GET /products HTTP/1.1" 200 1527 "http://localhost:3000/" "Mozilla/5.0 (Windows NT 10.0; Win64; x64) AppleWebKit/537.36 (KHTML, like Gecko) Chrome/85.0.4183.83 Safari/537.36"
::1 - - [07/Sep/2020:20:35:01 +0000] "PUT /products/add HTTP/1.1" - - "http://localhost:3000/addingProduct" "Mozilla/5.0 (Windows NT 10.0; Win64; x64) AppleWebKit/537.36 (KHTML, like Gecko) Chrome/85.0.4183.83 Safari/537.36"
::1 - - [07/Sep/2020:20:35:10 +0000] "GET /products HTTP/1.1" 200 1668 "http://localhost:3000/" "Mozilla/5.0 (Windows NT 10.0; Win64; x64) AppleWebKit/537.36 (KHTML, like Gecko) Chrome/85.0.4183.83 Safari/537.36"
::1 - - [07/Sep/2020:20:35:28 +0000] "GET /products HTTP/1.1" 200 1668 "http://localhost:3000/" "Mozilla/5.0 (Windows NT 10.0; Win64; x64) AppleWebKit/537.36 (KHTML, like Gecko) Chrome/85.0.4183.83 Safari/537.36"
::1 - - [07/Sep/2020:20:35:40 +0000] "DELETE /products/8 HTTP/1.1" 200 14 "http://localhost:3000/deleteProduct" "Mozilla/5.0 (Windows NT 10.0; Win64; x64) AppleWebKit/537.36 (KHTML, like Gecko) Chrome/85.0.4183.83 Safari/537.36"
::1 - - [07/Sep/2020:20:35:40 +0000] "GET /products HTTP/1.1" 200 1483 "http://localhost:3000/deleteProduct" "Mozilla/5.0 (Windows NT 10.0; Win64; x64) AppleWebKit/537.36 (KHTML, like Gecko) Chrome/85.0.4183.83 Safari/537.36"
::1 - - [07/Sep/2020:20:35:44 +0000] "DELETE /products/9 HTTP/1.1" 200 14 "http://localhost:3000/deleteProduct" "Mozilla/5.0 (Windows NT 10.0; Win64; x64) AppleWebKit/537.36 (KHTML, like Gecko) Chrome/85.0.4183.83 Safari/537.36"
::1 - - [07/Sep/2020:20:35:45 +0000] "GET /products HTTP/1.1" 200 1342 "http://localhost:3000/deleteProduct" "Mozilla/5.0 (Windows NT 10.0; Win64; x64) AppleWebKit/537.36 (KHTML, like Gecko) Chrome/85.0.4183.83 Safari/537.36"
::1 - - [07/Sep/2020:20:36:06 +0000] "GET /products?search=a HTTP/1.1" 200 390 "http://localhost:3000/deleteProduct" "Mozilla/5.0 (Windows NT 10.0; Win64; x64) AppleWebKit/537.36 (KHTML, like Gecko) Chrome/85.0.4183.83 Safari/537.36"
::1 - - [07/Sep/2020:20:39:10 +0000] "GET /products?search=a HTTP/1.1" 200 2 "http://localhost:3000/deleteProduct" "Mozilla/5.0 (Windows NT 10.0; Win64; x64) AppleWebKit/537.36 (KHTML, like Gecko) Chrome/85.0.4183.83 Safari/537.36"
::1 - - [07/Sep/2020:20:43:50 +0000] "GET /products?search=a HTTP/1.1" 200 2 "-" "PostmanRuntime/7.26.3"
::1 - - [07/Sep/2020:20:46:12 +0000] "GET /products?search=a HTTP/1.1" 200 2 "-" "PostmanRuntime/7.26.3"
::1 - - [07/Sep/2020:20:57:33 +0000] "GET /products?search=a HTTP/1.1" 200 2 "-" "PostmanRuntime/7.26.3"
::1 - - [07/Sep/2020:21:15:14 +0000] "GET /products?search=a HTTP/1.1" 200 390 "-" "PostmanRuntime/7.26.3"
::1 - - [07/Sep/2020:21:16:07 +0000] "GET /products?search=a HTTP/1.1" 200 2 "-" "PostmanRuntime/7.26.3"
::1 - - [07/Sep/2020:21:17:56 +0000] "GET /products?search=a HTTP/1.1" 200 2 "-" "PostmanRuntime/7.26.3"
::1 - - [07/Sep/2020:21:17:58 +0000] "GET /products?search=a HTTP/1.1" 200 2 "-" "PostmanRuntime/7.26.3"
::1 - - [07/Sep/2020:21:21:12 +0000] "GET /products?search=a HTTP/1.1" 200 390 "-" "PostmanRuntime/7.26.3"
::1 - - [07/Sep/2020:21:21:40 +0000] "GET /products?search=a HTTP/1.1" 200 2 "-" "PostmanRuntime/7.26.3"
::1 - - [07/Sep/2020:21:22:56 +0000] "GET /products?search=a HTTP/1.1" 200 2 "-" "PostmanRuntime/7.26.3"
::1 - - [07/Sep/2020:21:23:01 +0000] "GET /products?search=a HTTP/1.1" 200 2 "-" "PostmanRuntime/7.26.3"
::1 - - [07/Sep/2020:21:25:13 +0000] "GET /products?search=a HTTP/1.1" 200 2 "-" "PostmanRuntime/7.26.3"
::1 - - [07/Sep/2020:21:25:20 +0000] "GET /products?search=a HTTP/1.1" 200 2 "-" "PostmanRuntime/7.26.3"
::1 - - [07/Sep/2020:21:26:18 +0000] "GET /products?search=a HTTP/1.1" 200 2 "-" "PostmanRuntime/7.26.3"
::1 - - [07/Sep/2020:21:26:43 +0000] "GET /products?search=a HTTP/1.1" 200 2 "-" "PostmanRuntime/7.26.3"
::1 - - [07/Sep/2020:21:26:46 +0000] "GET /products?search=a HTTP/1.1" 200 2 "-" "PostmanRuntime/7.26.3"
::1 - - [07/Sep/2020:21:30:03 +0000] "GET /products?search=a HTTP/1.1" 200 390 "-" "PostmanRuntime/7.26.3"
::1 - - [07/Sep/2020:21:30:21 +0000] "GET /products?search=a HTTP/1.1" 200 390 "http://localhost:3000/deleteProduct" "Mozilla/5.0 (Windows NT 10.0; Win64; x64) AppleWebKit/537.36 (KHTML, like Gecko) Chrome/85.0.4183.83 Safari/537.36"
::1 - - [07/Sep/2020:21:30:28 +0000] "GET /products?search=b HTTP/1.1" 200 2 "http://localhost:3000/deleteProduct" "Mozilla/5.0 (Windows NT 10.0; Win64; x64) AppleWebKit/537.36 (KHTML, like Gecko) Chrome/85.0.4183.83 Safari/537.36"
::1 - - [07/Sep/2020:21:30:32 +0000] "GET /products?search=k HTTP/1.1" 200 618 "http://localhost:3000/deleteProduct" "Mozilla/5.0 (Windows NT 10.0; Win64; x64) AppleWebKit/537.36 (KHTML, like Gecko) Chrome/85.0.4183.83 Safari/537.36"
